<?xml version="1.0" encoding="UTF-8"?>
<!-- Generated by org.testng.reporters.JUnitXMLReporter -->
<testsuite ignored="0" hostname="DESKTOP-E03M5RK" failures="2" tests="3" name="Test" time="264.17" errors="0" timestamp="2024-12-24T01:03:34 GMT+01:00">
  <testcase classname="example.ParallelTestExample" name="Test3" time="133.235"/>
  <testcase classname="example.ParallelTestExample" name="Test1" time="247.874">
    <failure type="org.openqa.selenium.TimeoutException" message="java.util.concurrent.TimeoutException
Build info: version: &amp;apos;4.25.0&amp;apos;, revision: &amp;apos;8a8aea2337&amp;apos;
System info: os.name: &amp;apos;Windows 10&amp;apos;, os.arch: &amp;apos;amd64&amp;apos;, os.version: &amp;apos;10.0&amp;apos;, java.version: &amp;apos;22.0.2&amp;apos;
Driver info: org.openqa.selenium.remote.RemoteWebDriver
Command: [109fb2ba2b7510c957bac69fb8069f3a, get {url=https://www.google.co.in/}]
Capabilities {acceptInsecureCerts: false, browserName: chrome, browserVersion: 132.0.6834.57, chrome: {chromedriverVersion: 132.0.6834.57 (19bb8b1d0ea5..., userDataDir: /tmp/.org.chromium.Chromium...}, fedcm:accounts: true, goog:chromeOptions: {debuggerAddress: localhost:34491}, networkConnectionEnabled: false, pageLoadStrategy: normal, platformName: linux, proxy: Proxy(), se:bidiEnabled: false, se:cdp: ws://172.18.0.5:4444/sessio..., se:cdpVersion: 132.0.6834.57, se:containerName: , se:noVncPort: 7900, se:vnc: ws://172.18.0.5:4444/sessio..., se:vncEnabled: true, se:vncLocalAddress: ws://172.18.0.5:7900, setWindowRect: true, strictFileInteractability: false, timeouts: {implicit: 0, pageLoad: 300000, script: 30000}, unhandledPromptBehavior: dismiss and notify, webauthn:extension:credBlob: true, webauthn:extension:largeBlob: true, webauthn:extension:minPinLength: true, webauthn:extension:prf: true, webauthn:virtualAuthenticators: true}
Session ID: 109fb2ba2b7510c957bac69fb8069f3a">
      <![CDATA[org.openqa.selenium.TimeoutException: java.util.concurrent.TimeoutException
Build info: version: '4.25.0', revision: '8a8aea2337'
System info: os.name: 'Windows 10', os.arch: 'amd64', os.version: '10.0', java.version: '22.0.2'
Driver info: org.openqa.selenium.remote.RemoteWebDriver
Command: [109fb2ba2b7510c957bac69fb8069f3a, get {url=https://www.google.co.in/}]
Capabilities {acceptInsecureCerts: false, browserName: chrome, browserVersion: 132.0.6834.57, chrome: {chromedriverVersion: 132.0.6834.57 (19bb8b1d0ea5..., userDataDir: /tmp/.org.chromium.Chromium...}, fedcm:accounts: true, goog:chromeOptions: {debuggerAddress: localhost:34491}, networkConnectionEnabled: false, pageLoadStrategy: normal, platformName: linux, proxy: Proxy(), se:bidiEnabled: false, se:cdp: ws://172.18.0.5:4444/sessio..., se:cdpVersion: 132.0.6834.57, se:containerName: , se:noVncPort: 7900, se:vnc: ws://172.18.0.5:4444/sessio..., se:vncEnabled: true, se:vncLocalAddress: ws://172.18.0.5:7900, setWindowRect: true, strictFileInteractability: false, timeouts: {implicit: 0, pageLoad: 300000, script: 30000}, unhandledPromptBehavior: dismiss and notify, webauthn:extension:credBlob: true, webauthn:extension:largeBlob: true, webauthn:extension:minPinLength: true, webauthn:extension:prf: true, webauthn:virtualAuthenticators: true}
Session ID: 109fb2ba2b7510c957bac69fb8069f3a
at org.openqa.selenium.remote.http.jdk.JdkHttpClient.execute0(JdkHttpClient.java:418)
at org.openqa.selenium.remote.http.AddSeleniumUserAgent.lambda$apply$0(AddSeleniumUserAgent.java:42)
at org.openqa.selenium.remote.http.Filter.lambda$andFinally$1(Filter.java:55)
at org.openqa.selenium.remote.http.jdk.JdkHttpClient.execute(JdkHttpClient.java:374)
at org.openqa.selenium.remote.tracing.TracedHttpClient.execute(TracedHttpClient.java:54)
at org.openqa.selenium.remote.HttpCommandExecutor.execute(HttpCommandExecutor.java:187)
at org.openqa.selenium.remote.TracedCommandExecutor.execute(TracedCommandExecutor.java:53)
at org.openqa.selenium.remote.RemoteWebDriver.execute(RemoteWebDriver.java:545)
at org.openqa.selenium.remote.RemoteWebDriver.get(RemoteWebDriver.java:313)
at example.ParallelTestExample.Test1(ParallelTestExample.java:20)
at java.base/java.util.concurrent.Executors$RunnableAdapter.call(Executors.java:572)
at java.base/java.util.concurrent.FutureTask.run(FutureTask.java:317)
at java.base/java.util.concurrent.ThreadPoolExecutor.runWorker(ThreadPoolExecutor.java:1144)
at java.base/java.util.concurrent.ThreadPoolExecutor$Worker.run(ThreadPoolExecutor.java:642)
at java.base/java.lang.Thread.run(Thread.java:1570)
Caused by: java.util.concurrent.TimeoutException
at java.base/java.util.concurrent.CompletableFuture.timedGet(CompletableFuture.java:1960)
at java.base/java.util.concurrent.CompletableFuture.get(CompletableFuture.java:2095)
at org.openqa.selenium.remote.http.jdk.JdkHttpClient.execute0(JdkHttpClient.java:401)
... 25 more
... Removed 11 stack frames]]>
    </failure>
  </testcase> <!-- Test1 -->
  <testcase classname="example.ParallelTestExample" name="Test2" time="264.015">
    <failure type="org.openqa.selenium.TimeoutException" message="java.util.concurrent.TimeoutException
Build info: version: &amp;apos;4.25.0&amp;apos;, revision: &amp;apos;8a8aea2337&amp;apos;
System info: os.name: &amp;apos;Windows 10&amp;apos;, os.arch: &amp;apos;amd64&amp;apos;, os.version: &amp;apos;10.0&amp;apos;, java.version: &amp;apos;22.0.2&amp;apos;
Driver info: org.openqa.selenium.remote.RemoteWebDriver
Command: [750a46f862b047402e55280ea6ddb93f, get {url=https://www.bing.com/}]
Capabilities {acceptInsecureCerts: false, browserName: MicrosoftEdge, browserVersion: 132.0.2957.55, fedcm:accounts: true, ms:edgeOptions: {debuggerAddress: localhost:41107}, msedge: {msedgedriverVersion: 132.0.2957.58 (15360537249d..., userDataDir: /tmp/.com.microsoft.Edge.ke...}, networkConnectionEnabled: false, pageLoadStrategy: normal, platformName: linux, proxy: Proxy(), se:bidiEnabled: false, se:cdp: ws://172.18.0.3:4444/sessio..., se:cdpVersion: 132.0.2957.55, se:containerName: , se:noVncPort: 7900, se:vnc: ws://172.18.0.3:4444/sessio..., se:vncEnabled: true, se:vncLocalAddress: ws://172.18.0.3:7900, setWindowRect: true, strictFileInteractability: false, timeouts: {implicit: 0, pageLoad: 300000, script: 30000}, unhandledPromptBehavior: dismiss and notify, webauthn:extension:credBlob: true, webauthn:extension:largeBlob: true, webauthn:extension:minPinLength: true, webauthn:extension:prf: true, webauthn:virtualAuthenticators: true}
Session ID: 750a46f862b047402e55280ea6ddb93f">
      <![CDATA[org.openqa.selenium.TimeoutException: java.util.concurrent.TimeoutException
Build info: version: '4.25.0', revision: '8a8aea2337'
System info: os.name: 'Windows 10', os.arch: 'amd64', os.version: '10.0', java.version: '22.0.2'
Driver info: org.openqa.selenium.remote.RemoteWebDriver
Command: [750a46f862b047402e55280ea6ddb93f, get {url=https://www.bing.com/}]
Capabilities {acceptInsecureCerts: false, browserName: MicrosoftEdge, browserVersion: 132.0.2957.55, fedcm:accounts: true, ms:edgeOptions: {debuggerAddress: localhost:41107}, msedge: {msedgedriverVersion: 132.0.2957.58 (15360537249d..., userDataDir: /tmp/.com.microsoft.Edge.ke...}, networkConnectionEnabled: false, pageLoadStrategy: normal, platformName: linux, proxy: Proxy(), se:bidiEnabled: false, se:cdp: ws://172.18.0.3:4444/sessio..., se:cdpVersion: 132.0.2957.55, se:containerName: , se:noVncPort: 7900, se:vnc: ws://172.18.0.3:4444/sessio..., se:vncEnabled: true, se:vncLocalAddress: ws://172.18.0.3:7900, setWindowRect: true, strictFileInteractability: false, timeouts: {implicit: 0, pageLoad: 300000, script: 30000}, unhandledPromptBehavior: dismiss and notify, webauthn:extension:credBlob: true, webauthn:extension:largeBlob: true, webauthn:extension:minPinLength: true, webauthn:extension:prf: true, webauthn:virtualAuthenticators: true}
Session ID: 750a46f862b047402e55280ea6ddb93f
at org.openqa.selenium.remote.http.jdk.JdkHttpClient.execute0(JdkHttpClient.java:418)
at org.openqa.selenium.remote.http.AddSeleniumUserAgent.lambda$apply$0(AddSeleniumUserAgent.java:42)
at org.openqa.selenium.remote.http.Filter.lambda$andFinally$1(Filter.java:55)
at org.openqa.selenium.remote.http.jdk.JdkHttpClient.execute(JdkHttpClient.java:374)
at org.openqa.selenium.remote.tracing.TracedHttpClient.execute(TracedHttpClient.java:54)
at org.openqa.selenium.remote.HttpCommandExecutor.execute(HttpCommandExecutor.java:187)
at org.openqa.selenium.remote.TracedCommandExecutor.execute(TracedCommandExecutor.java:53)
at org.openqa.selenium.remote.RemoteWebDriver.execute(RemoteWebDriver.java:545)
at org.openqa.selenium.remote.RemoteWebDriver.get(RemoteWebDriver.java:313)
at example.ParallelTestExample.Test2(ParallelTestExample.java:33)
at java.base/java.util.concurrent.Executors$RunnableAdapter.call(Executors.java:572)
at java.base/java.util.concurrent.FutureTask.run(FutureTask.java:317)
at java.base/java.util.concurrent.ThreadPoolExecutor.runWorker(ThreadPoolExecutor.java:1144)
at java.base/java.util.concurrent.ThreadPoolExecutor$Worker.run(ThreadPoolExecutor.java:642)
at java.base/java.lang.Thread.run(Thread.java:1570)
Caused by: java.util.concurrent.TimeoutException
at java.base/java.util.concurrent.CompletableFuture.timedGet(CompletableFuture.java:1960)
at java.base/java.util.concurrent.CompletableFuture.get(CompletableFuture.java:2095)
at org.openqa.selenium.remote.http.jdk.JdkHttpClient.execute0(JdkHttpClient.java:401)
... 25 more
... Removed 11 stack frames]]>
    </failure>
  </testcase> <!-- Test2 -->
</testsuite> <!-- Test -->
